#
# There is insufficient memory for the Java Runtime Environment to continue.
# Native memory allocation (malloc) failed to allocate 863136 bytes for Chunk::new
# Possible reasons:
#   The system is out of physical RAM or swap space
#   In 32 bit mode, the process size limit was hit
# Possible solutions:
#   Reduce memory load on the system
#   Increase physical memory or swap space
#   Check if swap backing store is full
#   Use 64 bit Java on a 64 bit OS
#   Decrease Java heap size (-Xmx/-Xms)
#   Decrease number of Java threads
#   Decrease Java thread stack sizes (-Xss)
#   Set larger code cache with -XX:ReservedCodeCacheSize=
# This output file may be truncated or incomplete.
#
#  Out of Memory Error (allocation.cpp:390), pid=10556, tid=0x0000000000005ed4
#
# JRE version: OpenJDK Runtime Environment (8.0_152-b01) (build 1.8.0_152-release-1343-b01)
# Java VM: OpenJDK 64-Bit Server VM (25.152-b01 mixed mode windows-amd64 compressed oops)
# Failed to write core dump. Minidumps are not enabled by default on client versions of Windows
#

---------------  T H R E A D  ---------------

Current thread (0x0000000016bf0000):  JavaThread "C2 CompilerThread0" daemon [_thread_in_native, id=24276, stack(0x0000000018640000,0x0000000018740000)]

Stack: [0x0000000018640000,0x0000000018740000]
[error occurred during error reporting (printing stack bounds), id 0xc0000005]

Native frames: (J=compiled Java code, j=interpreted, Vv=VM code, C=native code)


Current CompileTask:
C2:2527431 29719   !   4       com.sun.tools.javac.parser.JavaTokenizer::readToken (2243 bytes)


---------------  P R O C E S S  ---------------

Java Threads: ( => current thread )
  0x000000001b19e000 JavaThread "Cache worker for Java compile cache (C:\Users\SilentArcher\Desktop\recyclerview-with-cardview-example-master\.gradle\5.1.1\javaCompile)" [_thread_blocked, id=11688, stack(0x0000000027d30000,0x0000000027e30000)]
  0x000000001b19f800 JavaThread "stdout" daemon [_thread_in_native, id=20936, stack(0x000000002c730000,0x000000002c830000)]
  0x000000001b19d000 JavaThread "stderr" daemon [_thread_in_native, id=19432, stack(0x000000002c630000,0x000000002c730000)]
  0x000000001b195000 JavaThread "stdout" daemon [_thread_in_native, id=27312, stack(0x0000000029900000,0x0000000029a00000)]
  0x000000001b198000 JavaThread "stderr" daemon [_thread_in_native, id=11664, stack(0x0000000029200000,0x0000000029300000)]
  0x000000001b192000 JavaThread "stdout" daemon [_thread_in_native, id=4956, stack(0x0000000028130000,0x0000000028230000)]
  0x000000001b194000 JavaThread "stderr" daemon [_thread_in_native, id=26676, stack(0x0000000028030000,0x0000000028130000)]
  0x000000001b195800 JavaThread "pool-40-thread-1" [_thread_blocked, id=17068, stack(0x0000000027f30000,0x0000000028030000)]
  0x0000000020cb8800 JavaThread "ForkJoinPool.commonPool-worker-3" daemon [_thread_blocked, id=8956, stack(0x0000000027b30000,0x0000000027c30000)]
  0x0000000020caf000 JavaThread "Cache worker for execution history cache (C:\Users\SilentArcher\Desktop\recyclerview-with-cardview-example-master\.gradle\5.1.1\executionHistory)" [_thread_blocked, id=22536, stack(0x0000000027630000,0x0000000027730000)]
  0x0000000020cab000 JavaThread "Execution worker for ':' Thread 3" [_thread_in_Java, id=26868, stack(0x0000000027530000,0x0000000027630000)]
  0x0000000020cad800 JavaThread "Execution worker for ':' Thread 2" [_thread_blocked, id=9276, stack(0x0000000026b30000,0x0000000026c30000)]
  0x0000000020caf800 JavaThread "Execution worker for ':'" [_thread_blocked, id=5160, stack(0x0000000026930000,0x0000000026a30000)]
  0x0000000020cac800 JavaThread "Cache worker for file content cache (C:\Users\SilentArcher\Desktop\recyclerview-with-cardview-example-master\.gradle\5.1.1\fileContent)" [_thread_blocked, id=25620, stack(0x0000000024e30000,0x0000000024f30000)]
  0x0000000020caa800 JavaThread "Cache worker for Build Output Cleanup Cache (C:\Users\SilentArcher\Desktop\recyclerview-with-cardview-example-master\.gradle\buildOutputCleanup)" [_thread_blocked, id=21552, stack(0x0000000024b30000,0x0000000024c30000)]
  0x0000000020ca9800 JavaThread "pool-39-thread-1" [_thread_blocked, id=25528, stack(0x0000000024630000,0x0000000024730000)]
  0x0000000020cb0800 JavaThread "Build operations Thread 4" [_thread_blocked, id=14656, stack(0x0000000024530000,0x0000000024630000)]
  0x0000000020cac000 JavaThread "Build operations Thread 3" [_thread_blocked, id=27380, stack(0x0000000024430000,0x0000000024530000)]
  0x0000000028597800 JavaThread "Build operations Thread 2" [_thread_blocked, id=27524, stack(0x00000000238e0000,0x00000000239e0000)]
  0x0000000028596800 JavaThread "Build operations" [_thread_blocked, id=14176, stack(0x00000000228b0000,0x00000000229b0000)]
  0x0000000028598000 JavaThread "Cache worker for cache directory md-rule (C:\Users\SilentArcher\.gradle\caches\5.1.1\md-rule)" [_thread_blocked, id=3048, stack(0x0000000021fa0000,0x00000000220a0000)]
  0x000000002859a000 JavaThread "Cache worker for cache directory md-supplier (C:\Users\SilentArcher\.gradle\caches\5.1.1\md-supplier)" [_thread_blocked, id=20740, stack(0x0000000021ea0000,0x0000000021fa0000)]
  0x0000000028599000 JavaThread "Cache worker for file hash cache (C:\Users\SilentArcher\Desktop\recyclerview-with-cardview-example-master\.gradle\5.1.1\fileHashes)" [_thread_blocked, id=7896, stack(0x0000000021ba0000,0x0000000021ca0000)]
  0x000000002858e800 JavaThread "Thread-256" [_thread_blocked, id=25056, stack(0x000000001ef90000,0x000000001f090000)]
  0x0000000028595000 JavaThread "Stdin handler" [_thread_blocked, id=25296, stack(0x000000001bc50000,0x000000001bd50000)]
  0x0000000028591800 JavaThread "Asynchronous log dispatcher for DefaultDaemonConnection: socket connection from /127.0.0.1:50936 to /127.0.0.1:50262" [_thread_blocked, id=24416, stack(0x000000001b950000,0x000000001ba50000)]
  0x0000000028590000 JavaThread "Daemon worker Thread 13" [_thread_blocked, id=11000, stack(0x000000001b850000,0x000000001b950000)]
  0x000000002858d800 JavaThread "Cancel handler" [_thread_blocked, id=8684, stack(0x00000000012e0000,0x00000000013e0000)]
  0x0000000028594800 JavaThread "Handler for socket connection from /127.0.0.1:50936 to /127.0.0.1:50262" [_thread_in_native, id=21272, stack(0x00000000011e0000,0x00000000012e0000)]
  0x000000002858c000 JavaThread "Daemon Thread 13" [_thread_blocked, id=5000, stack(0x0000000000fd0000,0x00000000010d0000)]
  0x0000000018299000 JavaThread "Cache worker for Java compile cache (C:\Users\SilentArcher\.gradle\caches\5.1.1\javaCompile)" [_thread_blocked, id=26520, stack(0x0000000027230000,0x0000000027330000)]
  0x0000000018292000 JavaThread "MarlinRenderer Disposer" daemon [_thread_blocked, id=13640, stack(0x0000000027830000,0x0000000027930000)]
  0x0000000018295000 JavaThread "Java2D Disposer" daemon [_thread_blocked, id=26572, stack(0x0000000027730000,0x0000000027830000)]
  0x000000001b199800 JavaThread "Cache worker for file content cache (C:\Users\SilentArcher\.gradle\caches\5.1.1\fileContent)" [_thread_blocked, id=4212, stack(0x0000000026a30000,0x0000000026b30000)]
  0x000000001b19b000 JavaThread "Memory manager" [_thread_blocked, id=27300, stack(0x0000000022fb0000,0x00000000230b0000)]
  0x000000001b192800 JavaThread "Cache worker for execution history cache (C:\Users\SilentArcher\.gradle\caches\5.1.1\executionHistory)" [_thread_blocked, id=24644, stack(0x00000000204d0000,0x00000000205d0000)]
  0x0000000019b96800 JavaThread "Cache worker for journal cache (C:\Users\SilentArcher\.gradle\caches\journal-1)" [_thread_blocked, id=18920, stack(0x000000001c350000,0x000000001c450000)]
  0x0000000019b95800 JavaThread "File lock request listener" [_thread_in_native, id=22364, stack(0x000000001c250000,0x000000001c350000)]
  0x0000000019ca5800 JavaThread "Cache worker for file hash cache (C:\Users\SilentArcher\.gradle\caches\5.1.1\fileHashes)" [_thread_blocked, id=25264, stack(0x000000001c150000,0x000000001c250000)]
  0x0000000019acf800 JavaThread "Daemon periodic checks" [_thread_blocked, id=17884, stack(0x000000001b750000,0x000000001b850000)]
  0x0000000019f91800 JavaThread "Incoming local TCP Connector on port 50936" [_thread_in_native, id=26584, stack(0x000000001a310000,0x000000001a410000)]
  0x00000000180ce800 JavaThread "Service Thread" daemon [_thread_blocked, id=2900, stack(0x0000000018940000,0x0000000018a40000)]
  0x000000001808d000 JavaThread "C1 CompilerThread2" daemon [_thread_blocked, id=12672, stack(0x0000000018840000,0x0000000018940000)]
  0x000000001804c000 JavaThread "C2 CompilerThread1" daemon [_thread_in_native, id=18692, stack(0x0000000018740000,0x0000000018840000)]
=>0x0000000016bf0000 JavaThread "C2 CompilerThread0" daemon [_thread_in_native, id=24276, stack(0x0000000018640000,0x0000000018740000)]
  0x0000000016bd8000 JavaThread "Attach Listener" daemon [_thread_blocked, id=25164, stack(0x0000000018540000,0x0000000018640000)]
  0x0000000018048800 JavaThread "Signal Dispatcher" daemon [_thread_blocked, id=19152, stack(0x0000000018440000,0x0000000018540000)]
  0x0000000002dec000 JavaThread "Finalizer" daemon [_thread_blocked, id=22952, stack(0x0000000017e40000,0x0000000017f40000)]
  0x0000000002de1000 JavaThread "Reference Handler" daemon [_thread_blocked, id=25884, stack(0x0000000017d40000,0x0000000017e40000)]
  0x0000000002cf2800 JavaThread "main" [_thread_blocked, id=20140, stack(0x0000000001420000,0x0000000001520000)]

Other Threads:
  0x0000000016ba6800 VMThread [stack: 0x0000000017c40000,0x0000000017d40000] [id=27124]
  0x00000000180d0000 WatcherThread [stack: 0x0000000018a40000,0x0000000018b40000] [id=25964]

VM state:not at safepoint (normal execution)

VM Mutex/Monitor currently owned by a thread: None

Heap:
 PSYoungGen      total 439296K, used 308561K [0x00000000e0000000, 0x00000000fe400000, 0x0000000100000000)
  eden space 425984K, 69% used [0x00000000e0000000,0x00000000f213bb00,0x00000000fa000000)
  from space 13312K, 93% used [0x00000000fd700000,0x00000000fe318cd0,0x00000000fe400000)
  to   space 34816K, 0% used [0x00000000fa000000,0x00000000fa000000,0x00000000fc200000)
 ParOldGen       total 230912K, used 107192K [0x00000000a0000000, 0x00000000ae180000, 0x00000000e0000000)
  object space 230912K, 46% used [0x00000000a0000000,0x00000000a68ae3c0,0x00000000ae180000)
 Metaspace       used 142735K, capacity 150874K, committed 151168K, reserved 1181696K
  class space    used 17723K, capacity 19033K, committed 19072K, reserved 1048576K

Card table byte_map: [0x0000000012730000,0x0000000012a40000] byte_map_base: 0x0000000012230000

Marking Bits: (ParMarkBitMap*) 0x0000000068d25aa0
 Begin Bits: [0x0000000012f40000, 0x0000000014740000)
 End Bits:   [0x0000000014740000, 0x0000000015f40000)

Polling page: 0x0000000001520000

CodeCache: size=245760Kb used=82473Kb max_used=82473Kb free=163286Kb
 bounds [0x0000000003370000, 0x0000000008470000, 0x0000000012370000]
 total_blobs=24018 nmethods=22984 adapters=943
 compilation: enabled

Compilation events (10 events):
Event: 2527.417 Thread 0x000000001804c000 nmethod 29732 0x000000000845c1d0 code [0x000000000845c360, 0x000000000845c618]
Event: 2527.417 Thread 0x000000001804c000 29733   !   4       com.sun.tools.javac.parser.JavacParser::literal (680 bytes)
Event: 2527.418 Thread 0x000000001808d000 29740       3       com.sun.tools.javac.tree.TreeMaker::NewArray (24 bytes)
Event: 2527.419 Thread 0x000000001808d000 nmethod 29740 0x000000000845b950 code [0x000000000845bae0, 0x000000000845bf50]
Event: 2527.419 Thread 0x000000001808d000 29741       3       com.sun.tools.javac.tree.JCTree$JCNewArray::<init> (34 bytes)
Event: 2527.419 Thread 0x000000001808d000 nmethod 29741 0x000000000846c710 code [0x000000000846c8a0, 0x000000000846cc30]
Event: 2527.419 Thread 0x000000001808d000 29742       3       com.sun.tools.javac.tree.TreeMaker::TypeArray (19 bytes)
Event: 2527.419 Thread 0x000000001808d000 nmethod 29742 0x000000000846c090 code [0x000000000846c200, 0x000000000846c550]
Event: 2527.419 Thread 0x000000001808d000 29743       3       com.sun.tools.javac.parser.JavacParser::arrayInitializer (136 bytes)
Event: 2527.420 Thread 0x000000001808d000 nmethod 29743 0x000000000846cdd0 code [0x000000000846d100, 0x000000000846e3d8]

GC Heap History (10 events):
Event: 1658.546 GC heap before
{Heap before GC invocations=42 (full 4):
 PSYoungGen      total 475136K, used 445764K [0x00000000e0000000, 0x00000000ffc80000, 0x0000000100000000)
  eden space 430080K, 100% used [0x00000000e0000000,0x00000000fa400000,0x00000000fa400000)
  from space 45056K, 34% used [0x00000000fa400000,0x00000000fb3513e0,0x00000000fd000000)
  to   space 42496K, 0% used [0x00000000fd300000,0x00000000fd300000,0x00000000ffc80000)
 ParOldGen       total 230912K, used 107160K [0x00000000a0000000, 0x00000000ae180000, 0x00000000e0000000)
  object space 230912K, 46% used [0x00000000a0000000,0x00000000a68a63c0,0x00000000ae180000)
 Metaspace       used 140493K, capacity 147532K, committed 147840K, reserved 1177600K
  class space    used 17504K, capacity 18715K, committed 18816K, reserved 1048576K
Event: 1658.556 GC heap after
Heap after GC invocations=42 (full 4):
 PSYoungGen      total 478208K, used 8860K [0x00000000e0000000, 0x00000000ffb80000, 0x0000000100000000)
  eden space 436736K, 0% used [0x00000000e0000000,0x00000000e0000000,0x00000000faa80000)
  from space 41472K, 21% used [0x00000000fd300000,0x00000000fdba73c0,0x00000000ffb80000)
  to   space 41472K, 0% used [0x00000000faa80000,0x00000000faa80000,0x00000000fd300000)
 ParOldGen       total 230912K, used 107160K [0x00000000a0000000, 0x00000000ae180000, 0x00000000e0000000)
  object space 230912K, 46% used [0x00000000a0000000,0x00000000a68a63c0,0x00000000ae180000)
 Metaspace       used 140493K, capacity 147532K, committed 147840K, reserved 1177600K
  class space    used 17504K, capacity 18715K, committed 18816K, reserved 1048576K
}
Event: 1660.875 GC heap before
{Heap before GC invocations=43 (full 4):
 PSYoungGen      total 478208K, used 445435K [0x00000000e0000000, 0x00000000ffb80000, 0x0000000100000000)
  eden space 436736K, 99% used [0x00000000e0000000,0x00000000faa57b48,0x00000000faa80000)
  from space 41472K, 21% used [0x00000000fd300000,0x00000000fdba73c0,0x00000000ffb80000)
  to   space 41472K, 0% used [0x00000000faa80000,0x00000000faa80000,0x00000000fd300000)
 ParOldGen       total 230912K, used 107160K [0x00000000a0000000, 0x00000000ae180000, 0x00000000e0000000)
  object space 230912K, 46% used [0x00000000a0000000,0x00000000a68a63c0,0x00000000ae180000)
 Metaspace       used 140585K, capacity 147606K, committed 147840K, reserved 1177600K
  class space    used 17506K, capacity 18716K, committed 18816K, reserved 1048576K
Event: 1660.885 GC heap after
Heap after GC invocations=43 (full 4):
 PSYoungGen      total 478208K, used 11923K [0x00000000e0000000, 0x00000000ffd00000, 0x0000000100000000)
  eden space 436736K, 0% used [0x00000000e0000000,0x00000000e0000000,0x00000000faa80000)
  from space 41472K, 28% used [0x00000000faa80000,0x00000000fb624c78,0x00000000fd300000)
  to   space 39936K, 0% used [0x00000000fd600000,0x00000000fd600000,0x00000000ffd00000)
 ParOldGen       total 230912K, used 107168K [0x00000000a0000000, 0x00000000ae180000, 0x00000000e0000000)
  object space 230912K, 46% used [0x00000000a0000000,0x00000000a68a83c0,0x00000000ae180000)
 Metaspace       used 140585K, capacity 147606K, committed 147840K, reserved 1177600K
  class space    used 17506K, capacity 18716K, committed 18816K, reserved 1048576K
}
Event: 1725.515 GC heap before
{Heap before GC invocations=44 (full 4):
 PSYoungGen      total 478208K, used 448659K [0x00000000e0000000, 0x00000000ffd00000, 0x0000000100000000)
  eden space 436736K, 100% used [0x00000000e0000000,0x00000000faa80000,0x00000000faa80000)
  from space 41472K, 28% used [0x00000000faa80000,0x00000000fb624c78,0x00000000fd300000)
  to   space 39936K, 0% used [0x00000000fd600000,0x00000000fd600000,0x00000000ffd00000)
 ParOldGen       total 230912K, used 107168K [0x00000000a0000000, 0x00000000ae180000, 0x00000000e0000000)
  object space 230912K, 46% used [0x00000000a0000000,0x00000000a68a83c0,0x00000000ae180000)
 Metaspace       used 140893K, capacity 148064K, committed 148352K, reserved 1179648K
  class space    used 17531K, capacity 18757K, committed 18816K, reserved 1048576K
Event: 1725.540 GC heap after
Heap after GC invocations=44 (full 4):
 PSYoungGen      total 481792K, used 9824K [0x00000000e0000000, 0x00000000ffc80000, 0x0000000100000000)
  eden space 442368K, 0% used [0x00000000e0000000,0x00000000e0000000,0x00000000fb000000)
  from space 39424K, 24% used [0x00000000fd600000,0x00000000fdf98250,0x00000000ffc80000)
  to   space 38912K, 0% used [0x00000000fb000000,0x00000000fb000000,0x00000000fd600000)
 ParOldGen       total 230912K, used 107176K [0x00000000a0000000, 0x00000000ae180000, 0x00000000e0000000)
  object space 230912K, 46% used [0x00000000a0000000,0x00000000a68aa3c0,0x00000000ae180000)
 Metaspace       used 140893K, capacity 148064K, committed 148352K, reserved 1179648K
  class space    used 17531K, capacity 18757K, committed 18816K, reserved 1048576K
}
Event: 1801.380 GC heap before
{Heap before GC invocations=45 (full 4):
 PSYoungGen      total 481792K, used 451966K [0x00000000e0000000, 0x00000000ffc80000, 0x0000000100000000)
  eden space 442368K, 99% used [0x00000000e0000000,0x00000000fafc7860,0x00000000fb000000)
  from space 39424K, 24% used [0x00000000fd600000,0x00000000fdf98250,0x00000000ffc80000)
  to   space 38912K, 0% used [0x00000000fb000000,0x00000000fb000000,0x00000000fd600000)
 ParOldGen       total 230912K, used 107176K [0x00000000a0000000, 0x00000000ae180000, 0x00000000e0000000)
  object space 230912K, 46% used [0x00000000a0000000,0x00000000a68aa3c0,0x00000000ae180000)
 Metaspace       used 141224K, capacity 148592K, committed 148608K, reserved 1179648K
  class space    used 17564K, capacity 18813K, committed 18816K, reserved 1048576K
Event: 1801.399 GC heap after
Heap after GC invocations=45 (full 4):
 PSYoungGen      total 481280K, used 15794K [0x00000000e0000000, 0x00000000ffa80000, 0x0000000100000000)
  eden space 442368K, 0% used [0x00000000e0000000,0x00000000e0000000,0x00000000fb000000)
  from space 38912K, 40% used [0x00000000fb000000,0x00000000fbf6c820,0x00000000fd600000)
  to   space 36352K, 0% used [0x00000000fd700000,0x00000000fd700000,0x00000000ffa80000)
 ParOldGen       total 230912K, used 107184K [0x00000000a0000000, 0x00000000ae180000, 0x00000000e0000000)
  object space 230912K, 46% used [0x00000000a0000000,0x00000000a68ac3c0,0x00000000ae180000)
 Metaspace       used 141224K, capacity 148592K, committed 148608K, reserved 1179648K
  class space    used 17564K, capacity 18813K, committed 18816K, reserved 1048576K
}
Event: 2518.579 GC heap before
{Heap before GC invocations=46 (full 4):
 PSYoungGen      total 481280K, used 458162K [0x00000000e0000000, 0x00000000ffa80000, 0x0000000100000000)
  eden space 442368K, 100% used [0x00000000e0000000,0x00000000fb000000,0x00000000fb000000)
  from space 38912K, 40% used [0x00000000fb000000,0x00000000fbf6c820,0x00000000fd600000)
  to   space 36352K, 0% used [0x00000000fd700000,0x00000000fd700000,0x00000000ffa80000)
 ParOldGen       total 230912K, used 107184K [0x00000000a0000000, 0x00000000ae180000, 0x00000000e0000000)
  object space 230912K, 46% used [0x00000000a0000000,0x00000000a68ac3c0,0x00000000ae180000)
 Metaspace       used 142632K, capacity 150612K, committed 150656K, reserved 1181696K
  class space    used 17720K, capacity 19032K, committed 19072K, reserved 1048576K
Event: 2518.619 GC heap after
Heap after GC invocations=46 (full 4):
 PSYoungGen      total 439296K, used 12387K [0x00000000e0000000, 0x00000000fe400000, 0x0000000100000000)
  eden space 425984K, 0% used [0x00000000e0000000,0x00000000e0000000,0x00000000fa000000)
  from space 13312K, 93% used [0x00000000fd700000,0x00000000fe318cd0,0x00000000fe400000)
  to   space 34816K, 0% used [0x00000000fa000000,0x00000000fa000000,0x00000000fc200000)
 ParOldGen       total 230912K, used 107192K [0x00000000a0000000, 0x00000000ae180000, 0x00000000e0000000)
  object space 230912K, 46% used [0x00000000a0000000,0x00000000a68ae3c0,0x00000000ae180000)
 Metaspace       used 142632K, capacity 150612K, committed 150656K, reserved 1181696K
  class space    used 17720K, capacity 19032K, committed 19072K, reserved 1048576K
}

Deoptimization events (10 events):
Event: 2446.493 Thread 0x0000000020cac000 Uncommon trap: reason=bimorphic action=maybe_recompile pc=0x00000000077c4bac method=java.util.AbstractMap.equals(Ljava/lang/Object;)Z @ 22
Event: 2447.013 Thread 0x0000000020cb7000 Uncommon trap: reason=unstable_if action=reinterpret pc=0x00000000077f48cc method=java.util.concurrent.locks.AbstractQueuedSynchronizer.enq(Ljava/util/concurrent/locks/AbstractQueuedSynchronizer$Node;)Ljava/util/concurrent/locks/AbstractQueuedSynchronizer
Event: 2448.039 Thread 0x0000000028594800 Uncommon trap: reason=class_check action=maybe_recompile pc=0x00000000078475d8 method=com.google.common.collect.ImmutableMap.copyOf(Ljava/util/Map;)Lcom/google/common/collect/ImmutableMap; @ 15
Event: 2518.436 Thread 0x0000000020caf800 Uncommon trap: reason=null_check action=make_not_entrant pc=0x0000000007823dac method=com.sun.org.apache.xerces.internal.dom.NamedNodeMapImpl.findNamePoint(Ljava/lang/String;Ljava/lang/String;)I @ 76
Event: 2519.213 Thread 0x0000000020caf800 Uncommon trap: reason=unstable_if action=reinterpret pc=0x0000000005d9cb28 method=com.android.utils.PositionXmlParser$DomBuilder.findOpeningTag(Lcom/android/utils/PositionXmlParser$Position;)Lcom/android/utils/PositionXmlParser$Position; @ 81
Event: 2519.220 Thread 0x0000000020caf800 Uncommon trap: reason=unstable_if action=reinterpret pc=0x0000000005cf3e3c method=com.android.ide.common.resources.configuration.FolderConfiguration.getQualifierString()Ljava/lang/String; @ 94
Event: 2519.700 Thread 0x0000000020caf800 Uncommon trap: reason=unstable_if action=reinterpret pc=0x0000000005ee1034 method=sun.nio.cs.UTF_8$Encoder.encodeArrayLoop(Ljava/nio/CharBuffer;Ljava/nio/ByteBuffer;)Ljava/nio/charset/CoderResult; @ 175
Event: 2523.423 Thread 0x0000000020cab000 Uncommon trap: reason=unstable_if action=reinterpret pc=0x000000000590f12c method=org.objectweb.asm.ByteVector.encodeUtf8(Ljava/lang/String;II)Lorg/objectweb/asm/ByteVector; @ 208
Event: 2525.990 Thread 0x0000000020cab000 Uncommon trap: reason=unstable_if action=reinterpret pc=0x0000000007e5f428 method=java.util.ArrayList.lastIndexOf(Ljava/lang/Object;)I @ 43
Event: 2527.294 Thread 0x0000000020cab000 Uncommon trap: reason=unloaded action=reinterpret pc=0x0000000006244fd0 method=com.sun.tools.javac.parser.JavaTokenizer.readToken()Lcom/sun/tools/javac/parser/Tokens$Token; @ 2174

Classes redefined (0 events):
No events

Internal exceptions (10 events):
Event: 2446.325 Thread 0x0000000020cac000 Exception <a 'sun/nio/fs/WindowsException'> (0x00000000f0f62490) thrown at [D:\src\AOSP-openjdk-cygwin\jdk8u\hotspot\src\share\vm\prims\jni.cpp, line 709]
Event: 2446.325 Thread 0x0000000020cac000 Exception <a 'sun/nio/fs/WindowsException'> (0x00000000f0f64778) thrown at [D:\src\AOSP-openjdk-cygwin\jdk8u\hotspot\src\share\vm\prims\jni.cpp, line 709]
Event: 2446.326 Thread 0x0000000020cac000 Exception <a 'sun/nio/fs/WindowsException'> (0x00000000f0f65578) thrown at [D:\src\AOSP-openjdk-cygwin\jdk8u\hotspot\src\share\vm\prims\jni.cpp, line 709]
Event: 2447.885 Thread 0x0000000028594800 Exception <a 'sun/nio/fs/WindowsException'> (0x00000000f6a4dc70) thrown at [D:\src\AOSP-openjdk-cygwin\jdk8u\hotspot\src\share\vm\prims\jni.cpp, line 709]
Event: 2517.318 Thread 0x0000000028590000 Exception <a 'sun/nio/fs/WindowsException'> (0x00000000f837ca38) thrown at [D:\src\AOSP-openjdk-cygwin\jdk8u\hotspot\src\share\vm\prims\jni.cpp, line 709]
Event: 2517.322 Thread 0x0000000028590000 Exception <a 'sun/nio/fs/WindowsException'> (0x00000000f83896c0) thrown at [D:\src\AOSP-openjdk-cygwin\jdk8u\hotspot\src\share\vm\prims\jni.cpp, line 709]
Event: 2518.082 Thread 0x0000000028590000 Exception <a 'sun/nio/fs/WindowsException'> (0x00000000fa073698) thrown at [D:\src\AOSP-openjdk-cygwin\jdk8u\hotspot\src\share\vm\prims\jni.cpp, line 709]
Event: 2518.436 Thread 0x0000000020caf800 Implicit null exception at 0x0000000007823558 to 0x0000000007823d81
Event: 2519.220 Thread 0x0000000020caf800 Implicit null exception at 0x0000000005cf386c to 0x0000000005cf3e30
Event: 2521.406 Thread 0x0000000020cab000 Exception <a 'sun/nio/fs/WindowsException'> (0x00000000e59e6ae0) thrown at [D:\src\AOSP-openjdk-cygwin\jdk8u\hotspot\src\share\vm\prims\jni.cpp, line 709]

Events (10 events):
Event: 2525.991 Thread 0x0000000020cab000 DEOPT PACKING pc=0x0000000007e5f428 sp=0x000000002762bad0
Event: 2525.991 Thread 0x0000000020cab000 DEOPT UNPACKING pc=0x00000000033b557b sp=0x000000002762ba70 mode 2
Event: 2526.806 Executing VM operation: RevokeBias
Event: 2526.809 Executing VM operation: RevokeBias done
Event: 2526.809 Thread 0x0000000020cb7000 Thread exited: 0x0000000020cb7000
Event: 2527.294 Thread 0x0000000020cab000 Uncommon trap: trap_request=0x0000007d fr.pc=0x0000000006244fd0
Event: 2527.294 Thread 0x0000000020cab000 DEOPT PACKING pc=0x0000000006244fd0 sp=0x00000000276294e0
Event: 2527.295 Thread 0x0000000020cab000 DEOPT UNPACKING pc=0x00000000033b557b sp=0x00000000276294e8 mode 2
Event: 2527.297 Thread 0x0000000020cab000 DEOPT PACKING pc=0x00000000050edc3a sp=0x000000002762b270
Event: 2527.297 Thread 0x0000000020cab000 DEOPT UNPACKING pc=0x00000000033b75d0 sp=0x000000002762afa0 mode 0


Dynamic libraries:
0x00007ff669b90000 - 0x00007ff669bc1000 	C:\Program Files\Android\Android Studio\jre\bin\java.exe
0x00007ff8713e0000 - 0x00007ff8715d0000 	C:\WINDOWS\SYSTEM32\ntdll.dll
0x00007ff86fda0000 - 0x00007ff86fe52000 	C:\WINDOWS\System32\KERNEL32.DLL
0x00007ff86e7c0000 - 0x00007ff86ea63000 	C:\WINDOWS\System32\KERNELBASE.dll
0x00007ff870ed0000 - 0x00007ff870f73000 	C:\WINDOWS\System32\ADVAPI32.dll
0x00007ff870120000 - 0x00007ff8701be000 	C:\WINDOWS\System32\msvcrt.dll
0x00007ff86fe60000 - 0x00007ff86fef7000 	C:\WINDOWS\System32\sechost.dll
0x00007ff8710b0000 - 0x00007ff8711d0000 	C:\WINDOWS\System32\RPCRT4.dll
0x00007ff86fab0000 - 0x00007ff86fc44000 	C:\WINDOWS\System32\USER32.dll
0x00007ff86e3d0000 - 0x00007ff86e3f1000 	C:\WINDOWS\System32\win32u.dll
0x00007ff870070000 - 0x00007ff870096000 	C:\WINDOWS\System32\GDI32.dll
0x00007ff86e550000 - 0x00007ff86e6e4000 	C:\WINDOWS\System32\gdi32full.dll
0x00007ff86e6f0000 - 0x00007ff86e78e000 	C:\WINDOWS\System32\msvcp_win.dll
0x00007ff86f390000 - 0x00007ff86f48a000 	C:\WINDOWS\System32\ucrtbase.dll
0x00007ff85c1c0000 - 0x00007ff85c445000 	C:\WINDOWS\WinSxS\amd64_microsoft.windows.common-controls_6595b64144ccf1df_6.0.18362.778_none_e6c6b761130d4fb8\COMCTL32.dll
0x00007ff870320000 - 0x00007ff870656000 	C:\WINDOWS\System32\combase.dll
0x00007ff86ea70000 - 0x00007ff86eaf0000 	C:\WINDOWS\System32\bcryptPrimitives.dll
0x00007ff86ffe0000 - 0x00007ff87000e000 	C:\WINDOWS\System32\IMM32.DLL
0x00000000691b0000 - 0x0000000069282000 	C:\Program Files\Android\Android Studio\jre\jre\bin\msvcr100.dll
0x0000000068560000 - 0x0000000068da1000 	C:\Program Files\Android\Android Studio\jre\jre\bin\server\jvm.dll
0x00007ff86fc50000 - 0x00007ff86fc58000 	C:\WINDOWS\System32\PSAPI.DLL
0x00007ff86a850000 - 0x00007ff86a85a000 	C:\WINDOWS\SYSTEM32\VERSION.dll
0x00007ff867220000 - 0x00007ff867244000 	C:\WINDOWS\SYSTEM32\WINMM.dll
0x00007ff86a460000 - 0x00007ff86a469000 	C:\WINDOWS\SYSTEM32\WSOCK32.dll
0x00007ff8712b0000 - 0x00007ff87131f000 	C:\WINDOWS\System32\WS2_32.dll
0x00007ff866fe0000 - 0x00007ff86700d000 	C:\WINDOWS\SYSTEM32\winmmbase.dll
0x00007ff86f270000 - 0x00007ff86f2ba000 	C:\WINDOWS\System32\cfgmgr32.dll
0x00007ff84bc90000 - 0x00007ff84bc9f000 	C:\Program Files\Android\Android Studio\jre\jre\bin\verify.dll
0x00007ff83a080000 - 0x00007ff83a0a9000 	C:\Program Files\Android\Android Studio\jre\jre\bin\java.dll
0x00007ff84a280000 - 0x00007ff84a296000 	C:\Program Files\Android\Android Studio\jre\jre\bin\zip.dll
0x00007ff870710000 - 0x00007ff870df5000 	C:\WINDOWS\System32\SHELL32.dll
0x00007ff870660000 - 0x00007ff870709000 	C:\WINDOWS\System32\shcore.dll
0x00007ff86eaf0000 - 0x00007ff86f270000 	C:\WINDOWS\System32\windows.storage.dll
0x00007ff86e2f0000 - 0x00007ff86e313000 	C:\WINDOWS\System32\profapi.dll
0x00007ff86e320000 - 0x00007ff86e36a000 	C:\WINDOWS\System32\powrprof.dll
0x00007ff86e2a0000 - 0x00007ff86e2b0000 	C:\WINDOWS\System32\UMPDC.dll
0x00007ff870010000 - 0x00007ff870062000 	C:\WINDOWS\System32\shlwapi.dll
0x00007ff86e2b0000 - 0x00007ff86e2c1000 	C:\WINDOWS\System32\kernel.appcore.dll
0x00007ff86f370000 - 0x00007ff86f387000 	C:\WINDOWS\System32\cryptsp.dll
0x00007ff839fe0000 - 0x00007ff839ffa000 	C:\Program Files\Android\Android Studio\jre\jre\bin\net.dll
0x00007ff86dae0000 - 0x00007ff86db47000 	C:\WINDOWS\system32\mswsock.dll
0x00007ff838880000 - 0x00007ff838891000 	C:\Program Files\Android\Android Studio\jre\jre\bin\nio.dll
0x00007ff84dfe0000 - 0x00007ff84dffe000 	C:\Users\SilentArcher\.gradle\native\25\windows-amd64\native-platform.dll
0x00007ff84a550000 - 0x00007ff84a55d000 	C:\Program Files\Android\Android Studio\jre\jre\bin\management.dll
0x00007ff86d650000 - 0x00007ff86d683000 	C:\WINDOWS\system32\rsaenh.dll
0x00007ff86e790000 - 0x00007ff86e7b6000 	C:\WINDOWS\System32\bcrypt.dll
0x00007ff86e1c0000 - 0x00007ff86e1e5000 	C:\WINDOWS\SYSTEM32\USERENV.dll
0x00007ff86dcb0000 - 0x00007ff86dcbc000 	C:\WINDOWS\SYSTEM32\CRYPTBASE.dll
0x00007ff86d7f0000 - 0x00007ff86d82a000 	C:\WINDOWS\SYSTEM32\IPHLPAPI.DLL
0x00007ff871390000 - 0x00007ff871398000 	C:\WINDOWS\System32\NSI.dll
0x00007ff8694d0000 - 0x00007ff8694e6000 	C:\WINDOWS\SYSTEM32\dhcpcsvc6.DLL
0x00007ff8696a0000 - 0x00007ff8696bc000 	C:\WINDOWS\SYSTEM32\dhcpcsvc.DLL
0x00007ff86d830000 - 0x00007ff86d8fa000 	C:\WINDOWS\SYSTEM32\DNSAPI.dll
0x00007ff8385f0000 - 0x00007ff838614000 	C:\Program Files\Android\Android Studio\jre\jre\bin\sunec.dll
0x00007ff8662e0000 - 0x00007ff8662ea000 	C:\Windows\System32\rasadhlp.dll
0x00007ff868680000 - 0x00007ff8686f7000 	C:\WINDOWS\System32\fwpuclnt.dll
0x00007ff849190000 - 0x00007ff84919b000 	C:\Program Files\Android\Android Studio\jre\jre\bin\sunmscapi.dll
0x00007ff86e400000 - 0x00007ff86e549000 	C:\WINDOWS\System32\CRYPT32.dll
0x00007ff86e2d0000 - 0x00007ff86e2e2000 	C:\WINDOWS\System32\MSASN1.dll
0x00007ff82c9d0000 - 0x00007ff82cb68000 	C:\Program Files\Android\Android Studio\jre\jre\bin\awt.dll
0x00007ff86ff10000 - 0x00007ff86ffd4000 	C:\WINDOWS\System32\OLEAUT32.dll
0x00007ff86ada0000 - 0x00007ff86b360000 	C:\WINDOWS\SYSTEM32\d2d1.dll
0x00007ff86c200000 - 0x00007ff86c28f000 	C:\WINDOWS\SYSTEM32\apphelp.dll
0x00007ff86c7e0000 - 0x00007ff86c80d000 	C:\WINDOWS\system32\DWMAPI.DLL
0x00007ff86c2b0000 - 0x00007ff86c349000 	C:\WINDOWS\system32\uxtheme.dll
0x00007ff86d2d0000 - 0x00007ff86d301000 	C:\WINDOWS\SYSTEM32\ntmarta.dll

VM Arguments:
jvm_args: -Xmx1536m -Dfile.encoding=GBK -Duser.country=US -Duser.language=en -Duser.variant 
java_command: org.gradle.launcher.daemon.bootstrap.GradleDaemon 5.1.1
java_class_path (initial): C:\Users\SilentArcher\.gradle\wrapper\dists\gradle-5.1.1-all\97z1ksx6lirer3kbvdnh7jtjg\gradle-5.1.1\lib\gradle-launcher-5.1.1.jar
Launcher Type: SUN_STANDARD

Environment Variables:
PATH=C:\Program Files\ImageMagick-7.0.8-Q16;C:\Program Files (x86)\Common Files\Oracle\Java\javapath;C:\Program Files (x86)\Razer Chroma SDK\bin;C:\Program Files\Razer Chroma SDK\bin;C:\Python37-32\Scripts\;C:\Python37-32\;C:\ProgramData\Oracle\Java\javapath;C:\Program Files (x86)\Intel\iCLS Client\;C:\Program Files\Intel\iCLS Client\;C:\Windows\system32;C:\Windows;C:\Windows\System32\Wbem;C:\Windows\System32\WindowsPowerShell\v1.0\;C:\Program Files (x86)\Intel\Intel(R) Management Engine Components\DAL;C:\Program Files\Intel\Intel(R) Management Engine Components\DAL;C:\Program Files (x86)\Intel\Intel(R) Management Engine Components\IPT;C:\Program Files\Intel\Intel(R) Management Engine Components\IPT;C:\Program Files\OpenVPN\bin;C:\Program Files (x86)\Bitvise SSH Client;C:\Program Files (x86)\NVIDIA Corporation\PhysX\Common;C:\WINDOWS\system32;C:\WINDOWS;C:\WINDOWS\System32\Wbem;C:\WINDOWS\System32\WindowsPowerShell\v1.0\;D:\xampp\php;D:\composer;C:\Users\SilentArcher\AppData\Local\Microsoft\WindowsApps;C:\Users\SilentArcher\AppData\Roaming\Composer\vendor\bin;C:\Program Files\Sublime Text 3;C:\adb;C:\Program Files\nodejs\;C:\WINDOWS\System32\OpenSSH\;"%PYTHON_HOME%\;%PYTHON_HOME%\Scripts\";C:\WINDOWS\system32\config\systemprofile\AppData\Local\Microsoft\WindowsApps;C:\Program Files\PuTTY\;C:\Program Files (x86)\Common Files\Acronis\SnapAPI\;C:\Program Files\Git\cmd;C:\WINDOWS\system32;C:\WINDOWS;C:\WINDOWS\System32\Wbem;C:\WINDOWS\System32\WindowsPowerShell\v1.0\;C:\WINDOWS\System32\OpenSSH\;C:\Program Files (x86)\Streamlink\bin;C:\Users\SilentArcher\AppData\Local\Microsoft\WindowsApps;C:\Users\SilentArcher\AppData\Roaming\Composer\vendor\bin;C:\Program Files\Sublime Text 3;C:\Program Files\heroku\bin;C:\Users\SilentArcher\AppData\Roaming\npm;"%PYTHON_HOME%\;%PYTHON_HOME%\Scripts\";C:\Program Files\JetBrains\PhpStorm 2019.2\bin;;C:\Program Files\JetBrains\PyCharm 2019.2\bin;;C:\Users\SilentArcher\AppData\Local\Google\Cloud SDK\google-cloud-sdk\bin
USERNAME=SilentArcher
OS=Windows_NT
PROCESSOR_IDENTIFIER=Intel64 Family 6 Model 158 Stepping 9, GenuineIntel



---------------  S Y S T E M  ---------------

OS: Windows 10.0 , 64 bit Build 18362 (10.0.18362.778)

CPU:total 4 (initial active 4) (4 cores per cpu, 1 threads per core) family 6 model 158 stepping 9, cmov, cx8, fxsr, mmx, sse, sse2, sse3, ssse3, sse4.1, sse4.2, popcnt, avx, avx2, aes, clmul, erms, 3dnowpref, lzcnt, tsc, tscinvbit, bmi1, bmi2, adx

Memory: 4k page, physical 8260772k(163632k free), swap 13139108k(392k free)

vm_info: OpenJDK 64-Bit Server VM (25.152-b01) for windows-amd64 JRE (1.8.0_152-release-1343-b01), built by "builder" with MS VC++ 10.0 (VS2010)

time: Sun Apr 26 15:28:31 2020
elapsed time: 2527 seconds (0d 0h 42m 7s)

